[debug] [2023-12-28T00:37:20.705Z] ----------------------------------------------------------------------
[debug] [2023-12-28T00:37:20.706Z] Command:       C:\Program Files\nodejs\node.exe C:\Users\ja021\AppData\Roaming\npm\node_modules\firebase-tools\lib\bin\firebase.js init
[debug] [2023-12-28T00:37:20.707Z] CLI Version:   13.0.2
[debug] [2023-12-28T00:37:20.707Z] Platform:      win32
[debug] [2023-12-28T00:37:20.707Z] Node Version:  v18.17.1
[debug] [2023-12-28T00:37:20.708Z] Time:          Wed Dec 27 2023 19:37:20 GMT-0500 (Eastern Standard Time)
[debug] [2023-12-28T00:37:20.708Z] ----------------------------------------------------------------------
[debug] 
[debug] [2023-12-28T00:37:20.714Z] > command requires scopes: ["email","openid","https://www.googleapis.com/auth/cloudplatformprojects.readonly","https://www.googleapis.com/auth/firebase","https://www.googleapis.com/auth/cloud-platform"]
[debug] [2023-12-28T00:37:20.714Z] > authorizing via signed-in user (ja0213@gmail.com)
[info] 
     ######## #### ########  ######## ########     ###     ######  ########
     ##        ##  ##     ## ##       ##     ##  ##   ##  ##       ##
     ######    ##  ########  ######   ########  #########  ######  ######
     ##        ##  ##    ##  ##       ##     ## ##     ##       ## ##
     ##       #### ##     ## ######## ########  ##     ##  ######  ########

You're about to initialize a Firebase project in this directory:

  C:\Users\ja021\Documents\training\firebase\my-firebast-app

[info] 
=== Project Setup
[info] 
[info] First, let's associate this project directory with a Firebase project.
[info] You can create multiple project aliases by running firebase use --add, 
[info] but for now we'll just set up a default project.
[info] 
[debug] [2023-12-28T00:38:54.566Z] >>> [apiv2][query] GET https://firebase.googleapis.com/v1beta1/projects pageSize=100
[debug] [2023-12-28T00:38:54.960Z] <<< [apiv2][status] GET https://firebase.googleapis.com/v1beta1/projects 200
[debug] [2023-12-28T00:38:54.960Z] <<< [apiv2][body] GET https://firebase.googleapis.com/v1beta1/projects [omitted]
[info] i  Using project fir-course-e74a6 (firebase-course) 
[info] 
=== Hosting Setup
[debug] [2023-12-28T00:39:46.007Z] >>> [apiv2][query] GET https://firebase.googleapis.com/v1beta1/projects/fir-course-e74a6 [none]
[debug] [2023-12-28T00:39:46.250Z] <<< [apiv2][status] GET https://firebase.googleapis.com/v1beta1/projects/fir-course-e74a6 200
[debug] [2023-12-28T00:39:46.250Z] <<< [apiv2][body] GET https://firebase.googleapis.com/v1beta1/projects/fir-course-e74a6 {"projectId":"fir-course-e74a6","projectNumber":"320703385096","displayName":"firebase-course","name":"projects/fir-course-e74a6","resources":{"hostingSite":"fir-course-e74a6","storageBucket":"fir-course-e74a6.appspot.com","locationId":"us-central"},"state":"ACTIVE","etag":"1_eef7869a-21f8-45ca-989a-7c8e02612e46"}
[info] 
[info] Your public directory is the folder (relative to your project directory) that
[info] will contain Hosting assets to be uploaded with firebase deploy. If you
[info] have a build process for your assets, use your build's output directory.
[info] 
[info] +  Wrote public/404.html 
[debug] [2023-12-28T00:41:26.824Z] >>> [apiv2][query] GET https://www.gstatic.com/firebasejs/releases.json [none]
[debug] [2023-12-28T00:41:26.946Z] <<< [apiv2][status] GET https://www.gstatic.com/firebasejs/releases.json 200
[debug] [2023-12-28T00:41:26.946Z] <<< [apiv2][body] GET https://www.gstatic.com/firebasejs/releases.json {"current":{"version":"10.7.1","browserURL":"https://www.gstatic.com/firebasejs/10.7.1/firebase.js","packageURL":"https://www.gstatic.com/firebasejs/10.7.1/firebase.tgz"},"live":{"version":"10.7","browserURL":"https://www.gstatic.com/firebasejs/live/10.7/firebase.js","packageURL":"https://www.gstatic.com/firebasejs/live/10.7/firebase.tgz"},"components":{"analytics":"https://www.gstatic.com/firebasejs/10.7.1/firebase-analytics.js","app":"https://www.gstatic.com/firebasejs/10.7.1/firebase-app.js","app-check":"https://www.gstatic.com/firebasejs/10.7.1/firebase-app-check.js","auth":"https://www.gstatic.com/firebasejs/10.7.1/firebase-auth.js","auth/cordova":"https://www.gstatic.com/firebasejs/10.7.1/firebase-auth/cordova.js","functions":"https://www.gstatic.com/firebasejs/10.7.1/firebase-functions.js","firestore":"https://www.gstatic.com/firebasejs/10.7.1/firebase-firestore.js","firestore/lite":"https://www.gstatic.com/firebasejs/10.7.1/firebase-firestore/lite.js","installations":"https://www.gstatic.com/firebasejs/10.7.1/firebase-installations.js","storage":"https://www.gstatic.com/firebasejs/10.7.1/firebase-storage.js","performance":"https://www.gstatic.com/firebasejs/10.7.1/firebase-performance.js","remote-config":"https://www.gstatic.com/firebasejs/10.7.1/firebase-remote-config.js","messaging":"https://www.gstatic.com/firebasejs/10.7.1/firebase-messaging.js","messaging/sw":"https://www.gstatic.com/firebasejs/10.7.1/firebase-messaging/sw.js","database":"https://www.gstatic.com/firebasejs/10.7.1/firebase-database.js","firestore.memory":"https://www.gstatic.com/firebasejs/10.7.1/firebase-firestore.memory.js"}}
[info] i  Skipping write of public/index.html 
[info] 
[info] i  Detected a .git folder at C:\Users\ja021\Documents\training\firebase\my-firebast-app 
[info] i  Authorizing with GitHub to upload your service account to a GitHub repository's secrets store. 
[info] 
[info] Visit this URL on this device to log in:
[info] https://github.com/login/oauth/authorize?client_id=89cf50f02ac6aaed3484&state=942818265&redirect_uri=http%3A%2F%2Flocalhost%3A9005&scope=read%3Auser%20repo%20public_repo
[info] 
[info] Waiting for authentication...
[debug] [2023-12-28T00:42:57.178Z] >>> [apiv2][query] POST https://github.com/login/oauth/access_token [none]
[debug] [2023-12-28T00:42:57.178Z] >>> [apiv2][body] POST https://github.com/login/oauth/access_token [stream]
[debug] [2023-12-28T00:42:57.467Z] <<< [apiv2][status] POST https://github.com/login/oauth/access_token 200
[debug] [2023-12-28T00:42:57.467Z] <<< [apiv2][body] POST https://github.com/login/oauth/access_token {"access_token":"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","token_type":"bearer","scope":"read:user,repo"}
[debug] [2023-12-28T00:42:57.493Z] >>> [apiv2][query] GET https://api.github.com/user [none]
[debug] [2023-12-28T00:42:57.777Z] <<< [apiv2][status] GET https://api.github.com/user 200
[debug] [2023-12-28T00:42:57.778Z] <<< [apiv2][body] GET https://api.github.com/user {"login":"zagzook","id":15118415,"node_id":"MDQ6VXNlcjE1MTE4NDE1","avatar_url":"https://avatars.githubusercontent.com/u/15118415?v=4","gravatar_id":"","url":"https://api.github.com/users/zagzook","html_url":"https://github.com/zagzook","followers_url":"https://api.github.com/users/zagzook/followers","following_url":"https://api.github.com/users/zagzook/following{/other_user}","gists_url":"https://api.github.com/users/zagzook/gists{/gist_id}","starred_url":"https://api.github.com/users/zagzook/starred{/owner}{/repo}","subscriptions_url":"https://api.github.com/users/zagzook/subscriptions","organizations_url":"https://api.github.com/users/zagzook/orgs","repos_url":"https://api.github.com/users/zagzook/repos","events_url":"https://api.github.com/users/zagzook/events{/privacy}","received_events_url":"https://api.github.com/users/zagzook/received_events","type":"User","site_admin":false,"name":null,"company":null,"blog":"","location":null,"email":null,"hireable":null,"bio":null,"twitter_username":null,"public_repos":8,"public_gists":0,"followers":0,"following":0,"created_at":"2015-10-14T04:37:45Z","updated_at":"2023-09-27T22:37:15Z","private_gists":0,"total_private_repos":5,"owned_private_repos":5,"disk_usage":1639,"collaborators":0,"two_factor_authentication":true,"plan":{"name":"free","space":976562499,"collaborators":0,"private_repos":10000}}
[info] 
[info] +  Success! Logged into GitHub as zagzook 
[info] 
